mode: set
github.com/EXTRADEEN/awesome-api/main.go:13.13,15.44 2 0
github.com/EXTRADEEN/awesome-api/main.go:18.3,21.58 2 0
github.com/EXTRADEEN/awesome-api/main.go:15.44,17.4 1 0
github.com/EXTRADEEN/awesome-api/main.go:24.32,34.2 4 0
github.com/EXTRADEEN/awesome-api/main.go:36.59,44.26 4 1
github.com/EXTRADEEN/awesome-api/main.go:54.3,54.17 1 1
github.com/EXTRADEEN/awesome-api/main.go:60.3,63.57 2 1
github.com/EXTRADEEN/awesome-api/main.go:45.13,47.22 1 1
github.com/EXTRADEEN/awesome-api/main.go:48.14,50.28 1 1
github.com/EXTRADEEN/awesome-api/main.go:54.17,57.4 2 1
github.com/EXTRADEEN/awesome-api/main.go:66.65,74.2 2 0
